e:\project\비즈스토리\careconn\debug\carecon.pch
e:\project\비즈스토리\careconn\debug\vc143.pdb
e:\project\비즈스토리\careconn\debug\vc143.idb
e:\project\비즈스토리\careconn\debug\pch.obj
e:\project\비즈스토리\careconn\debug\stdiofileex.obj
e:\project\비즈스토리\careconn\debug\receptiondlg.obj
e:\project\비즈스토리\careconn\debug\pgtransparentstatic.obj
e:\project\비즈스토리\careconn\debug\pgimage.obj
e:\project\비즈스토리\careconn\debug\pgbitmapbutton.obj
e:\project\비즈스토리\careconn\debug\cregistrydlg.obj
e:\project\비즈스토리\careconn\debug\careconndlg.obj
e:\project\비즈스토리\careconn\debug\careconn.obj
e:\project\비즈스토리\careconn\debug\carecon.ilk
e:\project\비즈스토리\careconn\debug\carecon.exe
e:\project\비즈스토리\careconn\debug\carecon.pdb
e:\project\비즈스토리\careconn\debug\careconn.res
e:\project\비즈스토리\careconn\debug\carecon.tlog\cl.command.1.tlog
e:\project\비즈스토리\careconn\debug\carecon.tlog\cl.items.tlog
e:\project\비즈스토리\careconn\debug\carecon.tlog\cl.read.1.tlog
e:\project\비즈스토리\careconn\debug\carecon.tlog\cl.write.1.tlog
e:\project\비즈스토리\careconn\debug\carecon.tlog\link.command.1.tlog
e:\project\비즈스토리\careconn\debug\carecon.tlog\link.read.1.tlog
e:\project\비즈스토리\careconn\debug\carecon.tlog\link.write.1.tlog
e:\project\비즈스토리\careconn\debug\carecon.tlog\rc.command.1.tlog
e:\project\비즈스토리\careconn\debug\carecon.tlog\rc.read.1.tlog
e:\project\비즈스토리\careconn\debug\carecon.tlog\rc.write.1.tlog
