c:\carecon\bizstory\careconn\carecon\x64\release\carecon.pch
c:\carecon\bizstory\careconn\carecon\x64\release\vc143.pdb
c:\carecon\bizstory\careconn\carecon\x64\release\pch.obj
c:\carecon\bizstory\careconn\carecon\x64\release\stdiofileex.obj
c:\carecon\bizstory\careconn\carecon\x64\release\receptiondlg.obj
c:\carecon\bizstory\careconn\carecon\x64\release\pgtransparentstatic.obj
c:\carecon\bizstory\careconn\carecon\x64\release\pgimage.obj
c:\carecon\bizstory\careconn\carecon\x64\release\pgbitmapbutton.obj
c:\carecon\bizstory\careconn\carecon\x64\release\cregistrydlg.obj
c:\carecon\bizstory\careconn\carecon\x64\release\careconndlg.obj
c:\carecon\bizstory\careconn\carecon\x64\release\careconn.obj
c:\carecon\bizstory\careconn\carecon\x64\release\careconn.res
c:\carecon\bizstory\careconn\x64\release\carecon.exe
c:\carecon\bizstory\careconn\carecon\x64\release\carecon.tlog\cl.command.1.tlog
c:\carecon\bizstory\careconn\carecon\x64\release\carecon.tlog\cl.read.1.tlog
c:\carecon\bizstory\careconn\carecon\x64\release\carecon.tlog\cl.write.1.tlog
c:\carecon\bizstory\careconn\carecon\x64\release\carecon.tlog\link.command.1.tlog
c:\carecon\bizstory\careconn\carecon\x64\release\carecon.tlog\link.read.1.tlog
c:\carecon\bizstory\careconn\carecon\x64\release\carecon.tlog\rc.command.1.tlog
c:\carecon\bizstory\careconn\carecon\x64\release\carecon.tlog\rc.read.1.tlog
c:\carecon\bizstory\careconn\carecon\x64\release\carecon.tlog\rc.write.1.tlog
