e:\project\비즈스토리\careconn\release\carecon.pch
e:\project\비즈스토리\careconn\release\vc143.pdb
e:\project\비즈스토리\careconn\release\pch.obj
e:\project\비즈스토리\careconn\release\stdiofileex.obj
e:\project\비즈스토리\careconn\release\receptiondlg.obj
e:\project\비즈스토리\careconn\release\pgtransparentstatic.obj
e:\project\비즈스토리\careconn\release\pgimage.obj
e:\project\비즈스토리\careconn\release\pgbitmapbutton.obj
e:\project\비즈스토리\careconn\release\cregistrydlg.obj
e:\project\비즈스토리\careconn\release\careconndlg.obj
e:\project\비즈스토리\careconn\release\careconn.obj
e:\project\비즈스토리\careconn\release\carecon.exe
e:\project\비즈스토리\careconn\release\carecon.pdb
e:\project\비즈스토리\careconn\release\carecon.ipdb
e:\project\비즈스토리\careconn\release\carecon.iobj
e:\project\비즈스토리\careconn\release\careconn.res
e:\project\비즈스토리\careconn\release\carecon.tlog\cl.command.1.tlog
e:\project\비즈스토리\careconn\release\carecon.tlog\cl.items.tlog
e:\project\비즈스토리\careconn\release\carecon.tlog\cl.read.1.tlog
e:\project\비즈스토리\careconn\release\carecon.tlog\cl.write.1.tlog
e:\project\비즈스토리\careconn\release\carecon.tlog\link.command.1.tlog
e:\project\비즈스토리\careconn\release\carecon.tlog\link.read.1.tlog
e:\project\비즈스토리\careconn\release\carecon.tlog\link.write.1.tlog
e:\project\비즈스토리\careconn\release\carecon.tlog\link.write.2u.tlog
e:\project\비즈스토리\careconn\release\carecon.tlog\rc.command.1.tlog
e:\project\비즈스토리\careconn\release\carecon.tlog\rc.read.1.tlog
e:\project\비즈스토리\careconn\release\carecon.tlog\rc.write.1.tlog
