c:\carecon\bizstory\careconn\carecon\x64\debug\carecon.pch
c:\carecon\bizstory\careconn\carecon\x64\debug\vc143.pdb
c:\carecon\bizstory\careconn\carecon\x64\debug\vc143.idb
c:\carecon\bizstory\careconn\carecon\x64\debug\pch.obj
c:\carecon\bizstory\careconn\carecon\x64\debug\stdiofileex.obj
c:\carecon\bizstory\careconn\carecon\x64\debug\receptiondlg.obj
c:\carecon\bizstory\careconn\carecon\x64\debug\pgtransparentstatic.obj
c:\carecon\bizstory\careconn\carecon\x64\debug\pgimage.obj
c:\carecon\bizstory\careconn\carecon\x64\debug\pgbitmapbutton.obj
c:\carecon\bizstory\careconn\carecon\x64\debug\cregistrydlg.obj
c:\carecon\bizstory\careconn\carecon\x64\debug\careconndlg.obj
c:\carecon\bizstory\careconn\carecon\x64\debug\careconn.obj
c:\carecon\bizstory\careconn\carecon\x64\debug\careconn.res
c:\carecon\bizstory\careconn\x64\debug\carecon.pdb
c:\carecon\bizstory\careconn\carecon\x64\debug\carecon.tlog\cl.command.1.tlog
c:\carecon\bizstory\careconn\carecon\x64\debug\carecon.tlog\cl.read.1.tlog
c:\carecon\bizstory\careconn\carecon\x64\debug\carecon.tlog\cl.write.1.tlog
c:\carecon\bizstory\careconn\carecon\x64\debug\carecon.tlog\link-cvtres.read.1.tlog
c:\carecon\bizstory\careconn\carecon\x64\debug\carecon.tlog\link-cvtres.write.1.tlog
c:\carecon\bizstory\careconn\carecon\x64\debug\carecon.tlog\link-mt.read.1.tlog
c:\carecon\bizstory\careconn\carecon\x64\debug\carecon.tlog\link-mt.write.1.tlog
c:\carecon\bizstory\careconn\carecon\x64\debug\carecon.tlog\link-rc.read.1.tlog
c:\carecon\bizstory\careconn\carecon\x64\debug\carecon.tlog\link-rc.write.1.tlog
c:\carecon\bizstory\careconn\carecon\x64\debug\carecon.tlog\link.command.1.tlog
c:\carecon\bizstory\careconn\carecon\x64\debug\carecon.tlog\link.read.1.tlog
c:\carecon\bizstory\careconn\carecon\x64\debug\carecon.tlog\link.read.2.tlog
c:\carecon\bizstory\careconn\carecon\x64\debug\carecon.tlog\link.read.3.tlog
c:\carecon\bizstory\careconn\carecon\x64\debug\carecon.tlog\link.read.4.tlog
c:\carecon\bizstory\careconn\carecon\x64\debug\carecon.tlog\link.write.1.tlog
c:\carecon\bizstory\careconn\carecon\x64\debug\carecon.tlog\rc.command.1.tlog
c:\carecon\bizstory\careconn\carecon\x64\debug\carecon.tlog\rc.read.1.tlog
c:\carecon\bizstory\careconn\carecon\x64\debug\carecon.tlog\rc.write.1.tlog
